<?xml version="1.0" encoding="UTF-8"?>
<!-- Generated by org.testng.reporters.JUnitReportReporter -->
<testsuite hostname="ITEM-S133093" failures="0" tests="1" name="mavenforjenkin.UTTest" time="4.968" errors="0" timestamp="2025-03-09T00:51:47 IST" skipped="0">
  <testcase classname="mavenforjenkin.UTTest" name="openOrangeHRM" time="4.968"/>
  <system-out/>
</testsuite> <!-- mavenforjenkin.UTTest -->
